{"/Users/ranbirmahtani/textbook_backend/Backend/app.js": {"path":"/Users/ranbirmahtani/textbook_backend/Backend/app.js","statementMap":{"0":{"start":{"line":2,"column":16},"end":{"line":2,"column":34}},"1":{"start":{"line":3,"column":13},"end":{"line":3,"column":28}},"2":{"start":{"line":6,"column":18},"end":{"line":6,"column":47}},"3":{"start":{"line":7,"column":15},"end":{"line":7,"column":32}},"4":{"start":{"line":8,"column":22},"end":{"line":8,"column":55}},"5":{"start":{"line":9,"column":12},"end":{"line":9,"column":32}},"6":{"start":{"line":10,"column":19},"end":{"line":10,"column":41}},"7":{"start":{"line":12,"column":21},"end":{"line":12,"column":45}},"8":{"start":{"line":13,"column":13},"end":{"line":13,"column":28}},"9":{"start":{"line":14,"column":23},"end":{"line":14,"column":57}},"10":{"start":{"line":15,"column":29},"end":{"line":15,"column":67}},"11":{"start":{"line":16,"column":19},"end":{"line":16,"column":49}},"12":{"start":{"line":19,"column":12},"end":{"line":19,"column":21}},"13":{"start":{"line":21,"column":0},"end":{"line":21,"column":24}},"14":{"start":{"line":23,"column":0},"end":{"line":23,"column":26}},"15":{"start":{"line":33,"column":18},"end":{"line":38,"column":1}},"16":{"start":{"line":40,"column":18},"end":{"line":46,"column":1}},"17":{"start":{"line":42,"column":30},"end":{"line":42,"column":62}},"18":{"start":{"line":43,"column":4},"end":{"line":43,"column":40}},"19":{"start":{"line":47,"column":0},"end":{"line":47,"column":27}},"20":{"start":{"line":71,"column":0},"end":{"line":103,"column":2}},"21":{"start":{"line":107,"column":16},"end":{"line":111,"column":2}},"22":{"start":{"line":112,"column":0},"end":{"line":112,"column":25}},"23":{"start":{"line":120,"column":0},"end":{"line":122,"column":1}},"24":{"start":{"line":121,"column":2},"end":{"line":121,"column":65}},"25":{"start":{"line":124,"column":0},"end":{"line":124,"column":41}},"26":{"start":{"line":126,"column":0},"end":{"line":126,"column":25}},"27":{"start":{"line":128,"column":0},"end":{"line":128,"column":15}},"28":{"start":{"line":144,"column":0},"end":{"line":144,"column":55}},"29":{"start":{"line":145,"column":0},"end":{"line":145,"column":45}},"30":{"start":{"line":146,"column":0},"end":{"line":146,"column":37}},"31":{"start":{"line":160,"column":0},"end":{"line":165,"column":3}},"32":{"start":{"line":161,"column":2},"end":{"line":163,"column":4}},"33":{"start":{"line":168,"column":0},"end":{"line":168,"column":21}}},"fnMap":{"0":{"name":"(anonymous_0)","decl":{"start":{"line":41,"column":10},"end":{"line":41,"column":11}},"loc":{"start":{"line":41,"column":38},"end":{"line":44,"column":3}},"line":41},"1":{"name":"(anonymous_1)","decl":{"start":{"line":160,"column":13},"end":{"line":160,"column":14}},"loc":{"start":{"line":160,"column":33},"end":{"line":165,"column":1}},"line":160}},"branchMap":{"0":{"loc":{"start":{"line":120,"column":0},"end":{"line":122,"column":1}},"type":"if","locations":[{"start":{"line":120,"column":0},"end":{"line":122,"column":1}},{"start":{},"end":{}}],"line":120}},"s":{"0":1,"1":1,"2":1,"3":1,"4":1,"5":1,"6":1,"7":1,"8":1,"9":1,"10":1,"11":1,"12":1,"13":1,"14":1,"15":1,"16":1,"17":39,"18":39,"19":1,"20":1,"21":1,"22":1,"23":1,"24":0,"25":1,"26":1,"27":1,"28":1,"29":1,"30":1,"31":1,"32":0,"33":1},"f":{"0":39,"1":0},"b":{"0":[0,1]},"_coverageSchema":"1a1c01bbd47fc00a2c39e90264f33305004495a9","hash":"58f40919812479f803439b7b4fdbef91d8eac58f"}
,"/Users/ranbirmahtani/textbook_backend/Backend/server.js": {"path":"/Users/ranbirmahtani/textbook_backend/Backend/server.js","statementMap":{"0":{"start":{"line":1,"column":17},"end":{"line":1,"column":36}},"1":{"start":{"line":2,"column":15},"end":{"line":2,"column":32}},"2":{"start":{"line":3,"column":13},"end":{"line":3,"column":28}},"3":{"start":{"line":4,"column":14},"end":{"line":4,"column":38}},"4":{"start":{"line":7,"column":0},"end":{"line":7,"column":40}},"5":{"start":{"line":9,"column":12},"end":{"line":9,"column":28}},"6":{"start":{"line":11,"column":0},"end":{"line":11,"column":19}},"7":{"start":{"line":13,"column":18},"end":{"line":18,"column":1}},"8":{"start":{"line":20,"column":18},"end":{"line":26,"column":1}},"9":{"start":{"line":22,"column":30},"end":{"line":22,"column":62}},"10":{"start":{"line":23,"column":4},"end":{"line":23,"column":40}},"11":{"start":{"line":28,"column":15},"end":{"line":28,"column":37}},"12":{"start":{"line":29,"column":12},"end":{"line":31,"column":3}},"13":{"start":{"line":33,"column":12},"end":{"line":33,"column":14}},"14":{"start":{"line":35,"column":16},"end":{"line":39,"column":1}},"15":{"start":{"line":36,"column":2},"end":{"line":36,"column":31}},"16":{"start":{"line":37,"column":2},"end":{"line":38,"column":37}},"17":{"start":{"line":37,"column":24},"end":{"line":37,"column":46}},"18":{"start":{"line":41,"column":19},"end":{"line":43,"column":1}},"19":{"start":{"line":42,"column":2},"end":{"line":42,"column":61}},"20":{"start":{"line":42,"column":33},"end":{"line":42,"column":59}},"21":{"start":{"line":45,"column":16},"end":{"line":47,"column":1}},"22":{"start":{"line":46,"column":2},"end":{"line":46,"column":54}},"23":{"start":{"line":46,"column":30},"end":{"line":46,"column":52}},"24":{"start":{"line":49,"column":0},"end":{"line":84,"column":3}},"25":{"start":{"line":51,"column":2},"end":{"line":51,"column":38}},"26":{"start":{"line":53,"column":2},"end":{"line":55,"column":4}},"27":{"start":{"line":54,"column":4},"end":{"line":54,"column":32}},"28":{"start":{"line":57,"column":2},"end":{"line":61,"column":5}},"29":{"start":{"line":58,"column":4},"end":{"line":58,"column":36}},"30":{"start":{"line":59,"column":4},"end":{"line":59,"column":39}},"31":{"start":{"line":64,"column":2},"end":{"line":76,"column":5}},"32":{"start":{"line":65,"column":17},"end":{"line":65,"column":36}},"33":{"start":{"line":66,"column":4},"end":{"line":66,"column":40}},"34":{"start":{"line":67,"column":4},"end":{"line":75,"column":5}},"35":{"start":{"line":68,"column":6},"end":{"line":72,"column":9}},"36":{"start":{"line":74,"column":6},"end":{"line":74,"column":83}},"37":{"start":{"line":79,"column":2},"end":{"line":83,"column":5}},"38":{"start":{"line":80,"column":4},"end":{"line":80,"column":40}},"39":{"start":{"line":81,"column":4},"end":{"line":81,"column":26}},"40":{"start":{"line":82,"column":4},"end":{"line":82,"column":31}},"41":{"start":{"line":86,"column":0},"end":{"line":92,"column":5}},"42":{"start":{"line":89,"column":4},"end":{"line":89,"column":41}},"43":{"start":{"line":95,"column":13},"end":{"line":95,"column":37}},"44":{"start":{"line":96,"column":0},"end":{"line":98,"column":3}},"45":{"start":{"line":97,"column":2},"end":{"line":97,"column":48}},"46":{"start":{"line":100,"column":0},"end":{"line":100,"column":21}}},"fnMap":{"0":{"name":"(anonymous_0)","decl":{"start":{"line":21,"column":10},"end":{"line":21,"column":11}},"loc":{"start":{"line":21,"column":38},"end":{"line":24,"column":3}},"line":21},"1":{"name":"(anonymous_1)","decl":{"start":{"line":35,"column":16},"end":{"line":35,"column":17}},"loc":{"start":{"line":35,"column":38},"end":{"line":39,"column":1}},"line":35},"2":{"name":"(anonymous_2)","decl":{"start":{"line":37,"column":14},"end":{"line":37,"column":15}},"loc":{"start":{"line":37,"column":24},"end":{"line":37,"column":46}},"line":37},"3":{"name":"(anonymous_3)","decl":{"start":{"line":41,"column":19},"end":{"line":41,"column":20}},"loc":{"start":{"line":41,"column":33},"end":{"line":43,"column":1}},"line":41},"4":{"name":"(anonymous_4)","decl":{"start":{"line":42,"column":23},"end":{"line":42,"column":24}},"loc":{"start":{"line":42,"column":33},"end":{"line":42,"column":59}},"line":42},"5":{"name":"(anonymous_5)","decl":{"start":{"line":45,"column":16},"end":{"line":45,"column":17}},"loc":{"start":{"line":45,"column":28},"end":{"line":47,"column":1}},"line":45},"6":{"name":"(anonymous_6)","decl":{"start":{"line":46,"column":20},"end":{"line":46,"column":21}},"loc":{"start":{"line":46,"column":30},"end":{"line":46,"column":52}},"line":46},"7":{"name":"(anonymous_7)","decl":{"start":{"line":49,"column":20},"end":{"line":49,"column":21}},"loc":{"start":{"line":49,"column":32},"end":{"line":84,"column":1}},"line":49},"8":{"name":"(anonymous_8)","decl":{"start":{"line":53,"column":21},"end":{"line":53,"column":22}},"loc":{"start":{"line":53,"column":27},"end":{"line":55,"column":3}},"line":53},"9":{"name":"(anonymous_9)","decl":{"start":{"line":57,"column":23},"end":{"line":57,"column":24}},"loc":{"start":{"line":57,"column":35},"end":{"line":61,"column":3}},"line":57},"10":{"name":"(anonymous_10)","decl":{"start":{"line":64,"column":27},"end":{"line":64,"column":28}},"loc":{"start":{"line":64,"column":74},"end":{"line":76,"column":3}},"line":64},"11":{"name":"(anonymous_11)","decl":{"start":{"line":79,"column":26},"end":{"line":79,"column":27}},"loc":{"start":{"line":79,"column":32},"end":{"line":83,"column":3}},"line":79},"12":{"name":"(anonymous_12)","decl":{"start":{"line":88,"column":8},"end":{"line":88,"column":9}},"loc":{"start":{"line":88,"column":14},"end":{"line":90,"column":3}},"line":88},"13":{"name":"(anonymous_13)","decl":{"start":{"line":90,"column":11},"end":{"line":90,"column":12}},"loc":{"start":{"line":90,"column":18},"end":{"line":92,"column":3}},"line":90},"14":{"name":"(anonymous_14)","decl":{"start":{"line":96,"column":20},"end":{"line":96,"column":21}},"loc":{"start":{"line":96,"column":26},"end":{"line":98,"column":1}},"line":96}},"branchMap":{"0":{"loc":{"start":{"line":37,"column":2},"end":{"line":38,"column":36}},"type":"binary-expr","locations":[{"start":{"line":37,"column":2},"end":{"line":37,"column":47}},{"start":{"line":38,"column":4},"end":{"line":38,"column":36}}],"line":37},"1":{"loc":{"start":{"line":67,"column":4},"end":{"line":75,"column":5}},"type":"if","locations":[{"start":{"line":67,"column":4},"end":{"line":75,"column":5}},{"start":{"line":73,"column":11},"end":{"line":75,"column":5}}],"line":67},"2":{"loc":{"start":{"line":95,"column":13},"end":{"line":95,"column":37}},"type":"binary-expr","locations":[{"start":{"line":95,"column":13},"end":{"line":95,"column":29}},{"start":{"line":95,"column":33},"end":{"line":95,"column":37}}],"line":95}},"s":{"0":1,"1":1,"2":1,"3":1,"4":1,"5":1,"6":1,"7":1,"8":1,"9":0,"10":0,"11":1,"12":1,"13":1,"14":1,"15":0,"16":0,"17":0,"18":1,"19":0,"20":0,"21":1,"22":0,"23":0,"24":1,"25":0,"26":0,"27":0,"28":0,"29":0,"30":0,"31":0,"32":0,"33":0,"34":0,"35":0,"36":0,"37":0,"38":0,"39":0,"40":0,"41":1,"42":1,"43":1,"44":1,"45":1,"46":1},"f":{"0":0,"1":0,"2":0,"3":0,"4":0,"5":0,"6":0,"7":0,"8":0,"9":0,"10":0,"11":0,"12":1,"13":0,"14":1},"b":{"0":[0,0],"1":[0,0],"2":[1,0]},"_coverageSchema":"1a1c01bbd47fc00a2c39e90264f33305004495a9","hash":"889fb31e4e8cdb7e6f19671f3d113e2538ce48e9"}
,"/Users/ranbirmahtani/textbook_backend/Backend/Controllers/authController.js": {"path":"/Users/ranbirmahtani/textbook_backend/Backend/Controllers/authController.js","statementMap":{"0":{"start":{"line":1,"column":22},"end":{"line":1,"column":37}},"1":{"start":{"line":3,"column":15},"end":{"line":3,"column":32}},"2":{"start":{"line":4,"column":13},"end":{"line":4,"column":42}},"3":{"start":{"line":12,"column":15},"end":{"line":18,"column":1}},"4":{"start":{"line":13,"column":2},"end":{"line":17,"column":5}},"5":{"start":{"line":20,"column":18},"end":{"line":26,"column":1}},"6":{"start":{"line":22,"column":2},"end":{"line":22,"column":26}},"7":{"start":{"line":23,"column":2},"end":{"line":25,"column":5}},"8":{"start":{"line":51,"column":0},"end":{"line":55,"column":2}},"9":{"start":{"line":52,"column":2},"end":{"line":54,"column":5}},"10":{"start":{"line":56,"column":0},"end":{"line":91,"column":2}},"11":{"start":{"line":57,"column":2},"end":{"line":90,"column":3}},"12":{"start":{"line":58,"column":19},"end":{"line":58,"column":62}},"13":{"start":{"line":59,"column":4},"end":{"line":61,"column":5}},"14":{"start":{"line":60,"column":6},"end":{"line":60,"column":77}},"15":{"start":{"line":62,"column":4},"end":{"line":65,"column":5}},"16":{"start":{"line":63,"column":6},"end":{"line":63,"column":103}},"17":{"start":{"line":66,"column":20},"end":{"line":73,"column":6}},"18":{"start":{"line":75,"column":4},"end":{"line":75,"column":32}},"19":{"start":{"line":76,"column":4},"end":{"line":76,"column":39}},"20":{"start":{"line":77,"column":4},"end":{"line":82,"column":7}},"21":{"start":{"line":84,"column":4},"end":{"line":84,"column":21}},"22":{"start":{"line":85,"column":4},"end":{"line":89,"column":7}},"23":{"start":{"line":93,"column":0},"end":{"line":125,"column":2}},"24":{"start":{"line":94,"column":2},"end":{"line":124,"column":3}},"25":{"start":{"line":95,"column":33},"end":{"line":95,"column":41}},"26":{"start":{"line":97,"column":4},"end":{"line":100,"column":5}},"27":{"start":{"line":98,"column":6},"end":{"line":98,"column":73}},"28":{"start":{"line":103,"column":17},"end":{"line":103,"column":117}},"29":{"start":{"line":106,"column":4},"end":{"line":109,"column":5}},"30":{"start":{"line":107,"column":6},"end":{"line":107,"column":67}},"31":{"start":{"line":111,"column":4},"end":{"line":111,"column":29}},"32":{"start":{"line":112,"column":4},"end":{"line":112,"column":36}},"33":{"start":{"line":113,"column":4},"end":{"line":118,"column":5}},"34":{"start":{"line":120,"column":4},"end":{"line":123,"column":7}},"35":{"start":{"line":127,"column":0},"end":{"line":140,"column":1}},"36":{"start":{"line":128,"column":2},"end":{"line":139,"column":3}},"37":{"start":{"line":129,"column":17},"end":{"line":129,"column":32}},"38":{"start":{"line":130,"column":15},"end":{"line":130,"column":60}},"39":{"start":{"line":131,"column":17},"end":{"line":131,"column":34}},"40":{"start":{"line":132,"column":4},"end":{"line":132,"column":96}},"41":{"start":{"line":133,"column":4},"end":{"line":136,"column":6}},"42":{"start":{"line":138,"column":4},"end":{"line":138,"column":52}},"43":{"start":{"line":173,"column":0},"end":{"line":207,"column":2}},"44":{"start":{"line":175,"column":2},"end":{"line":206,"column":3}},"45":{"start":{"line":176,"column":17},"end":{"line":176,"column":73}},"46":{"start":{"line":177,"column":4},"end":{"line":177,"column":91}},"47":{"start":{"line":177,"column":15},"end":{"line":177,"column":91}},"48":{"start":{"line":179,"column":4},"end":{"line":179,"column":25}},"49":{"start":{"line":180,"column":4},"end":{"line":184,"column":5}},"50":{"start":{"line":182,"column":6},"end":{"line":182,"column":75}},"51":{"start":{"line":186,"column":4},"end":{"line":186,"column":38}},"52":{"start":{"line":187,"column":4},"end":{"line":187,"column":52}},"53":{"start":{"line":189,"column":4},"end":{"line":189,"column":22}},"54":{"start":{"line":192,"column":4},"end":{"line":192,"column":29}},"55":{"start":{"line":193,"column":4},"end":{"line":193,"column":36}},"56":{"start":{"line":194,"column":4},"end":{"line":199,"column":7}},"57":{"start":{"line":201,"column":4},"end":{"line":205,"column":7}},"58":{"start":{"line":209,"column":0},"end":{"line":228,"column":1}},"59":{"start":{"line":210,"column":2},"end":{"line":227,"column":3}},"60":{"start":{"line":211,"column":17},"end":{"line":211,"column":46}},"61":{"start":{"line":212,"column":18},"end":{"line":212,"column":33}},"62":{"start":{"line":213,"column":15},"end":{"line":213,"column":76}},"63":{"start":{"line":214,"column":4},"end":{"line":224,"column":5}},"64":{"start":{"line":215,"column":6},"end":{"line":218,"column":8}},"65":{"start":{"line":220,"column":6},"end":{"line":223,"column":8}},"66":{"start":{"line":226,"column":4},"end":{"line":226,"column":50}}},"fnMap":{"0":{"name":"(anonymous_0)","decl":{"start":{"line":12,"column":15},"end":{"line":12,"column":16}},"loc":{"start":{"line":12,"column":46},"end":{"line":18,"column":1}},"line":12},"1":{"name":"(anonymous_1)","decl":{"start":{"line":20,"column":18},"end":{"line":20,"column":19}},"loc":{"start":{"line":20,"column":32},"end":{"line":26,"column":1}},"line":20},"2":{"name":"(anonymous_2)","decl":{"start":{"line":51,"column":26},"end":{"line":51,"column":27}},"loc":{"start":{"line":51,"column":46},"end":{"line":55,"column":1}},"line":51},"3":{"name":"(anonymous_3)","decl":{"start":{"line":56,"column":17},"end":{"line":56,"column":18}},"loc":{"start":{"line":56,"column":43},"end":{"line":91,"column":1}},"line":56},"4":{"name":"(anonymous_4)","decl":{"start":{"line":93,"column":16},"end":{"line":93,"column":17}},"loc":{"start":{"line":93,"column":42},"end":{"line":125,"column":1}},"line":93},"5":{"name":"(anonymous_5)","decl":{"start":{"line":127,"column":19},"end":{"line":127,"column":20}},"loc":{"start":{"line":127,"column":45},"end":{"line":140,"column":1}},"line":127},"6":{"name":"(anonymous_6)","decl":{"start":{"line":173,"column":25},"end":{"line":173,"column":26}},"loc":{"start":{"line":173,"column":51},"end":{"line":207,"column":1}},"line":173},"7":{"name":"(anonymous_7)","decl":{"start":{"line":209,"column":33},"end":{"line":209,"column":34}},"loc":{"start":{"line":209,"column":59},"end":{"line":228,"column":1}},"line":209}},"branchMap":{"0":{"loc":{"start":{"line":59,"column":4},"end":{"line":61,"column":5}},"type":"if","locations":[{"start":{"line":59,"column":4},"end":{"line":61,"column":5}},{"start":{},"end":{}}],"line":59},"1":{"loc":{"start":{"line":62,"column":4},"end":{"line":65,"column":5}},"type":"if","locations":[{"start":{"line":62,"column":4},"end":{"line":65,"column":5}},{"start":{},"end":{}}],"line":62},"2":{"loc":{"start":{"line":62,"column":8},"end":{"line":62,"column":119}},"type":"binary-expr","locations":[{"start":{"line":62,"column":8},"end":{"line":62,"column":26}},{"start":{"line":62,"column":32},"end":{"line":62,"column":47}},{"start":{"line":62,"column":52},"end":{"line":62,"column":77}},{"start":{"line":62,"column":81},"end":{"line":62,"column":99}},{"start":{"line":62,"column":103},"end":{"line":62,"column":119}}],"line":62},"3":{"loc":{"start":{"line":97,"column":4},"end":{"line":100,"column":5}},"type":"if","locations":[{"start":{"line":97,"column":4},"end":{"line":100,"column":5}},{"start":{},"end":{}}],"line":97},"4":{"loc":{"start":{"line":97,"column":8},"end":{"line":97,"column":29}},"type":"binary-expr","locations":[{"start":{"line":97,"column":8},"end":{"line":97,"column":14}},{"start":{"line":97,"column":20},"end":{"line":97,"column":29}}],"line":97},"5":{"loc":{"start":{"line":106,"column":4},"end":{"line":109,"column":5}},"type":"if","locations":[{"start":{"line":106,"column":4},"end":{"line":109,"column":5}},{"start":{},"end":{}}],"line":106},"6":{"loc":{"start":{"line":106,"column":8},"end":{"line":106,"column":71}},"type":"binary-expr","locations":[{"start":{"line":106,"column":8},"end":{"line":106,"column":13}},{"start":{"line":106,"column":17},"end":{"line":106,"column":71}}],"line":106},"7":{"loc":{"start":{"line":177,"column":4},"end":{"line":177,"column":91}},"type":"if","locations":[{"start":{"line":177,"column":4},"end":{"line":177,"column":91}},{"start":{},"end":{}}],"line":177},"8":{"loc":{"start":{"line":180,"column":4},"end":{"line":184,"column":5}},"type":"if","locations":[{"start":{"line":180,"column":4},"end":{"line":184,"column":5}},{"start":{},"end":{}}],"line":180},"9":{"loc":{"start":{"line":180,"column":8},"end":{"line":180,"column":98}},"type":"binary-expr","locations":[{"start":{"line":180,"column":8},"end":{"line":180,"column":24}},{"start":{"line":180,"column":28},"end":{"line":180,"column":98}}],"line":180},"10":{"loc":{"start":{"line":214,"column":4},"end":{"line":224,"column":5}},"type":"if","locations":[{"start":{"line":214,"column":4},"end":{"line":224,"column":5}},{"start":{"line":219,"column":11},"end":{"line":224,"column":5}}],"line":214}},"s":{"0":1,"1":1,"2":1,"3":1,"4":6,"5":1,"6":0,"7":0,"8":1,"9":0,"10":1,"11":2,"12":2,"13":2,"14":0,"15":2,"16":1,"17":1,"18":1,"19":1,"20":1,"21":0,"22":0,"23":1,"24":3,"25":3,"26":3,"27":1,"28":2,"29":2,"30":1,"31":1,"32":1,"33":1,"34":0,"35":1,"36":2,"37":2,"38":2,"39":1,"40":1,"41":1,"42":1,"43":1,"44":3,"45":3,"46":3,"47":0,"48":3,"49":3,"50":1,"51":2,"52":2,"53":2,"54":2,"55":2,"56":2,"57":0,"58":1,"59":3,"60":3,"61":3,"62":3,"63":3,"64":1,"65":1,"66":1},"f":{"0":6,"1":0,"2":0,"3":2,"4":3,"5":2,"6":3,"7":3},"b":{"0":[0,2],"1":[1,1],"2":[2,1,1,1,1],"3":[1,2],"4":[3,3],"5":[1,1],"6":[2,2],"7":[0,3],"8":[1,2],"9":[3,2],"10":[1,1]},"_coverageSchema":"1a1c01bbd47fc00a2c39e90264f33305004495a9","hash":"04a1cb405f07dc6b5007dde03ff85e5f26eaa01d"}
,"/Users/ranbirmahtani/textbook_backend/Backend/Controllers/conversationController.js": {"path":"/Users/ranbirmahtani/textbook_backend/Backend/Controllers/conversationController.js","statementMap":{"0":{"start":{"line":3,"column":23},"end":{"line":3,"column":50}},"1":{"start":{"line":4,"column":23},"end":{"line":4,"column":50}},"2":{"start":{"line":5,"column":21},"end":{"line":5,"column":58}},"3":{"start":{"line":6,"column":13},"end":{"line":6,"column":42}},"4":{"start":{"line":8,"column":15},"end":{"line":15,"column":1}},"5":{"start":{"line":9,"column":2},"end":{"line":9,"column":19}},"6":{"start":{"line":10,"column":2},"end":{"line":14,"column":5}},"7":{"start":{"line":17,"column":0},"end":{"line":36,"column":2}},"8":{"start":{"line":18,"column":17},"end":{"line":18,"column":32}},"9":{"start":{"line":19,"column":17},"end":{"line":19,"column":32}},"10":{"start":{"line":20,"column":2},"end":{"line":35,"column":3}},"11":{"start":{"line":21,"column":21},"end":{"line":21,"column":88}},"12":{"start":{"line":22,"column":4},"end":{"line":32,"column":5}},"13":{"start":{"line":23,"column":6},"end":{"line":26,"column":9}},"14":{"start":{"line":28,"column":6},"end":{"line":31,"column":6}},"15":{"start":{"line":34,"column":4},"end":{"line":34,"column":61}},"16":{"start":{"line":39,"column":0},"end":{"line":76,"column":2}},"17":{"start":{"line":40,"column":2},"end":{"line":75,"column":3}},"18":{"start":{"line":41,"column":4},"end":{"line":41,"column":31}},"19":{"start":{"line":42,"column":4},"end":{"line":42,"column":39}},"20":{"start":{"line":44,"column":16},"end":{"line":44,"column":58}},"21":{"start":{"line":45,"column":24},"end":{"line":45,"column":26}},"22":{"start":{"line":46,"column":4},"end":{"line":68,"column":6}},"23":{"start":{"line":47,"column":24},"end":{"line":47,"column":26}},"24":{"start":{"line":48,"column":6},"end":{"line":52,"column":7}},"25":{"start":{"line":49,"column":8},"end":{"line":51,"column":9}},"26":{"start":{"line":50,"column":10},"end":{"line":50,"column":68}},"27":{"start":{"line":53,"column":18},"end":{"line":53,"column":20}},"28":{"start":{"line":54,"column":22},"end":{"line":54,"column":24}},"29":{"start":{"line":56,"column":6},"end":{"line":60,"column":8}},"30":{"start":{"line":57,"column":8},"end":{"line":59,"column":9}},"31":{"start":{"line":58,"column":10},"end":{"line":58,"column":22}},"32":{"start":{"line":61,"column":6},"end":{"line":66,"column":8}},"33":{"start":{"line":62,"column":8},"end":{"line":62,"column":67}},"34":{"start":{"line":63,"column":8},"end":{"line":65,"column":9}},"35":{"start":{"line":64,"column":10},"end":{"line":64,"column":30}},"36":{"start":{"line":67,"column":6},"end":{"line":67,"column":103}},"37":{"start":{"line":69,"column":4},"end":{"line":72,"column":7}},"38":{"start":{"line":74,"column":4},"end":{"line":74,"column":67}},"39":{"start":{"line":78,"column":0},"end":{"line":101,"column":2}},"40":{"start":{"line":79,"column":2},"end":{"line":100,"column":3}},"41":{"start":{"line":80,"column":4},"end":{"line":80,"column":30}},"42":{"start":{"line":81,"column":4},"end":{"line":81,"column":30}},"43":{"start":{"line":82,"column":4},"end":{"line":82,"column":32}},"44":{"start":{"line":83,"column":4},"end":{"line":83,"column":34}},"45":{"start":{"line":84,"column":25},"end":{"line":84,"column":92}},"46":{"start":{"line":86,"column":17},"end":{"line":86,"column":84}},"47":{"start":{"line":87,"column":4},"end":{"line":93,"column":5}},"48":{"start":{"line":88,"column":25},"end":{"line":88,"column":37}},"49":{"start":{"line":89,"column":6},"end":{"line":89,"column":28}},"50":{"start":{"line":90,"column":6},"end":{"line":90,"column":140}},"51":{"start":{"line":92,"column":6},"end":{"line":92,"column":173}},"52":{"start":{"line":94,"column":4},"end":{"line":97,"column":7}},"53":{"start":{"line":99,"column":4},"end":{"line":99,"column":63}}},"fnMap":{"0":{"name":"(anonymous_0)","decl":{"start":{"line":8,"column":15},"end":{"line":8,"column":16}},"loc":{"start":{"line":8,"column":46},"end":{"line":15,"column":1}},"line":8},"1":{"name":"(anonymous_1)","decl":{"start":{"line":17,"column":26},"end":{"line":17,"column":27}},"loc":{"start":{"line":17,"column":52},"end":{"line":36,"column":1}},"line":17},"2":{"name":"(anonymous_2)","decl":{"start":{"line":39,"column":27},"end":{"line":39,"column":28}},"loc":{"start":{"line":39,"column":53},"end":{"line":76,"column":1}},"line":39},"3":{"name":"(anonymous_3)","decl":{"start":{"line":46,"column":30},"end":{"line":46,"column":31}},"loc":{"start":{"line":46,"column":38},"end":{"line":68,"column":5}},"line":46},"4":{"name":"(anonymous_4)","decl":{"start":{"line":56,"column":37},"end":{"line":56,"column":38}},"loc":{"start":{"line":56,"column":45},"end":{"line":60,"column":7}},"line":56},"5":{"name":"(anonymous_5)","decl":{"start":{"line":61,"column":41},"end":{"line":61,"column":42}},"loc":{"start":{"line":61,"column":53},"end":{"line":66,"column":7}},"line":61},"6":{"name":"(anonymous_6)","decl":{"start":{"line":78,"column":27},"end":{"line":78,"column":28}},"loc":{"start":{"line":78,"column":53},"end":{"line":101,"column":1}},"line":78}},"branchMap":{"0":{"loc":{"start":{"line":22,"column":4},"end":{"line":32,"column":5}},"type":"if","locations":[{"start":{"line":22,"column":4},"end":{"line":32,"column":5}},{"start":{"line":27,"column":11},"end":{"line":32,"column":5}}],"line":22},"1":{"loc":{"start":{"line":48,"column":6},"end":{"line":52,"column":7}},"type":"if","locations":[{"start":{"line":48,"column":6},"end":{"line":52,"column":7}},{"start":{},"end":{}}],"line":48},"2":{"loc":{"start":{"line":49,"column":8},"end":{"line":51,"column":9}},"type":"if","locations":[{"start":{"line":49,"column":8},"end":{"line":51,"column":9}},{"start":{},"end":{}}],"line":49},"3":{"loc":{"start":{"line":49,"column":12},"end":{"line":49,"column":99}},"type":"binary-expr","locations":[{"start":{"line":49,"column":12},"end":{"line":49,"column":51}},{"start":{"line":49,"column":55},"end":{"line":49,"column":99}}],"line":49},"4":{"loc":{"start":{"line":57,"column":8},"end":{"line":59,"column":9}},"type":"if","locations":[{"start":{"line":57,"column":8},"end":{"line":59,"column":9}},{"start":{},"end":{}}],"line":57},"5":{"loc":{"start":{"line":63,"column":8},"end":{"line":65,"column":9}},"type":"if","locations":[{"start":{"line":63,"column":8},"end":{"line":65,"column":9}},{"start":{},"end":{}}],"line":63},"6":{"loc":{"start":{"line":87,"column":4},"end":{"line":93,"column":5}},"type":"if","locations":[{"start":{"line":87,"column":4},"end":{"line":93,"column":5}},{"start":{"line":91,"column":11},"end":{"line":93,"column":5}}],"line":87}},"s":{"0":1,"1":1,"2":1,"3":1,"4":1,"5":2,"6":2,"7":1,"8":3,"9":3,"10":3,"11":3,"12":1,"13":1,"14":0,"15":2,"16":1,"17":1,"18":1,"19":1,"20":1,"21":1,"22":1,"23":2,"24":2,"25":2,"26":2,"27":2,"28":2,"29":2,"30":4,"31":2,"32":2,"33":4,"34":4,"35":4,"36":2,"37":1,"38":0,"39":1,"40":1,"41":1,"42":1,"43":1,"44":1,"45":1,"46":1,"47":1,"48":1,"49":1,"50":1,"51":0,"52":1,"53":0},"f":{"0":2,"1":3,"2":1,"3":2,"4":4,"5":4,"6":1},"b":{"0":[1,0],"1":[2,0],"2":[2,0],"3":[2,2],"4":[2,2],"5":[4,0],"6":[1,0]},"_coverageSchema":"1a1c01bbd47fc00a2c39e90264f33305004495a9","hash":"df2a768843e3d9302286da8e109ec06e568c7674"}
,"/Users/ranbirmahtani/textbook_backend/Backend/Controllers/textbookController.js": {"path":"/Users/ranbirmahtani/textbook_backend/Backend/Controllers/textbookController.js","statementMap":{"0":{"start":{"line":1,"column":23},"end":{"line":1,"column":50}},"1":{"start":{"line":2,"column":23},"end":{"line":2,"column":50}},"2":{"start":{"line":3,"column":17},"end":{"line":3,"column":50}},"3":{"start":{"line":4,"column":13},"end":{"line":4,"column":42}},"4":{"start":{"line":5,"column":15},"end":{"line":5,"column":49}},"5":{"start":{"line":8,"column":15},"end":{"line":15,"column":3}},"6":{"start":{"line":9,"column":4},"end":{"line":9,"column":21}},"7":{"start":{"line":10,"column":4},"end":{"line":14,"column":7}},"8":{"start":{"line":17,"column":2},"end":{"line":40,"column":2}},"9":{"start":{"line":18,"column":4},"end":{"line":39,"column":1}},"10":{"start":{"line":19,"column":21},"end":{"line":32,"column":10}},"11":{"start":{"line":33,"column":6},"end":{"line":36,"column":8}},"12":{"start":{"line":38,"column":2},"end":{"line":38,"column":39}},"13":{"start":{"line":42,"column":2},"end":{"line":56,"column":3}},"14":{"start":{"line":43,"column":4},"end":{"line":55,"column":5}},"15":{"start":{"line":44,"column":16},"end":{"line":47,"column":160}},"16":{"start":{"line":48,"column":19},"end":{"line":48,"column":101}},"17":{"start":{"line":49,"column":6},"end":{"line":52,"column":8}},"18":{"start":{"line":54,"column":6},"end":{"line":54,"column":60}},"19":{"start":{"line":60,"column":2},"end":{"line":123,"column":4}},"20":{"start":{"line":61,"column":15},"end":{"line":61,"column":51}},"21":{"start":{"line":62,"column":4},"end":{"line":62,"column":103}},"22":{"start":{"line":62,"column":15},"end":{"line":62,"column":103}},"23":{"start":{"line":64,"column":4},"end":{"line":122,"column":5}},"24":{"start":{"line":66,"column":6},"end":{"line":66,"column":73}},"25":{"start":{"line":67,"column":6},"end":{"line":69,"column":8}},"26":{"start":{"line":68,"column":8},"end":{"line":68,"column":26}},"27":{"start":{"line":70,"column":16},"end":{"line":70,"column":29}},"28":{"start":{"line":71,"column":6},"end":{"line":73,"column":7}},"29":{"start":{"line":72,"column":8},"end":{"line":72,"column":85}},"30":{"start":{"line":76,"column":8},"end":{"line":76,"column":29}},"31":{"start":{"line":77,"column":8},"end":{"line":77,"column":25}},"32":{"start":{"line":78,"column":8},"end":{"line":78,"column":49}},"33":{"start":{"line":104,"column":22},"end":{"line":104,"column":58}},"34":{"start":{"line":112,"column":6},"end":{"line":112,"column":37}},"35":{"start":{"line":113,"column":20},"end":{"line":113,"column":95}},"36":{"start":{"line":115,"column":6},"end":{"line":119,"column":9}},"37":{"start":{"line":121,"column":6},"end":{"line":121,"column":61}},"38":{"start":{"line":139,"column":2},"end":{"line":170,"column":4}},"39":{"start":{"line":140,"column":4},"end":{"line":169,"column":5}},"40":{"start":{"line":142,"column":6},"end":{"line":142,"column":76}},"41":{"start":{"line":145,"column":23},"end":{"line":150,"column":10}},"42":{"start":{"line":152,"column":6},"end":{"line":164,"column":7}},"43":{"start":{"line":153,"column":8},"end":{"line":153,"column":30}},"44":{"start":{"line":154,"column":8},"end":{"line":157,"column":13}},"45":{"start":{"line":160,"column":10},"end":{"line":163,"column":12}},"46":{"start":{"line":168,"column":6},"end":{"line":168,"column":57}},"47":{"start":{"line":173,"column":2},"end":{"line":190,"column":3}},"48":{"start":{"line":174,"column":4},"end":{"line":189,"column":5}},"49":{"start":{"line":174,"column":20},"end":{"line":174,"column":31}},"50":{"start":{"line":177,"column":16},"end":{"line":177,"column":29}},"51":{"start":{"line":178,"column":6},"end":{"line":180,"column":7}},"52":{"start":{"line":179,"column":8},"end":{"line":179,"column":30}},"53":{"start":{"line":181,"column":6},"end":{"line":181,"column":19}},"54":{"start":{"line":182,"column":24},"end":{"line":182,"column":78}},"55":{"start":{"line":183,"column":6},"end":{"line":186,"column":8}},"56":{"start":{"line":188,"column":6},"end":{"line":188,"column":53}},"57":{"start":{"line":192,"column":2},"end":{"line":224,"column":4}},"58":{"start":{"line":193,"column":4},"end":{"line":223,"column":5}},"59":{"start":{"line":194,"column":6},"end":{"line":194,"column":28}},"60":{"start":{"line":195,"column":21},"end":{"line":195,"column":57}},"61":{"start":{"line":196,"column":6},"end":{"line":196,"column":27}},"62":{"start":{"line":198,"column":17},"end":{"line":198,"column":53}},"63":{"start":{"line":199,"column":6},"end":{"line":199,"column":92}},"64":{"start":{"line":199,"column":17},"end":{"line":199,"column":92}},"65":{"start":{"line":200,"column":22},"end":{"line":200,"column":58}},"66":{"start":{"line":201,"column":25},"end":{"line":201,"column":27}},"67":{"start":{"line":202,"column":6},"end":{"line":206,"column":8}},"68":{"start":{"line":203,"column":10},"end":{"line":205,"column":11}},"69":{"start":{"line":204,"column":14},"end":{"line":204,"column":34}},"70":{"start":{"line":207,"column":22},"end":{"line":207,"column":107}},"71":{"start":{"line":208,"column":8},"end":{"line":208,"column":53}},"72":{"start":{"line":217,"column":8},"end":{"line":220,"column":10}},"73":{"start":{"line":222,"column":6},"end":{"line":222,"column":52}}},"fnMap":{"0":{"name":"(anonymous_0)","decl":{"start":{"line":8,"column":15},"end":{"line":8,"column":16}},"loc":{"start":{"line":8,"column":46},"end":{"line":15,"column":3}},"line":8},"1":{"name":"(anonymous_1)","decl":{"start":{"line":17,"column":27},"end":{"line":17,"column":28}},"loc":{"start":{"line":17,"column":53},"end":{"line":40,"column":2}},"line":17},"2":{"name":"(anonymous_2)","decl":{"start":{"line":42,"column":30},"end":{"line":42,"column":31}},"loc":{"start":{"line":42,"column":56},"end":{"line":56,"column":3}},"line":42},"3":{"name":"(anonymous_3)","decl":{"start":{"line":60,"column":27},"end":{"line":60,"column":28}},"loc":{"start":{"line":60,"column":53},"end":{"line":123,"column":3}},"line":60},"4":{"name":"(anonymous_4)","decl":{"start":{"line":67,"column":40},"end":{"line":67,"column":41}},"loc":{"start":{"line":67,"column":48},"end":{"line":69,"column":7}},"line":67},"5":{"name":"(anonymous_5)","decl":{"start":{"line":139,"column":24},"end":{"line":139,"column":25}},"loc":{"start":{"line":139,"column":50},"end":{"line":170,"column":3}},"line":139},"6":{"name":"(anonymous_6)","decl":{"start":{"line":173,"column":27},"end":{"line":173,"column":28}},"loc":{"start":{"line":173,"column":53},"end":{"line":190,"column":3}},"line":173},"7":{"name":"(anonymous_7)","decl":{"start":{"line":192,"column":27},"end":{"line":192,"column":28}},"loc":{"start":{"line":192,"column":53},"end":{"line":224,"column":3}},"line":192},"8":{"name":"(anonymous_8)","decl":{"start":{"line":202,"column":36},"end":{"line":202,"column":37}},"loc":{"start":{"line":202,"column":41},"end":{"line":206,"column":7}},"line":202}},"branchMap":{"0":{"loc":{"start":{"line":47,"column":61},"end":{"line":47,"column":153}},"type":"cond-expr","locations":[{"start":{"line":47,"column":92},"end":{"line":47,"column":122}},{"start":{"line":47,"column":125},"end":{"line":47,"column":153}}],"line":47},"1":{"loc":{"start":{"line":62,"column":4},"end":{"line":62,"column":103}},"type":"if","locations":[{"start":{"line":62,"column":4},"end":{"line":62,"column":103}},{"start":{},"end":{}}],"line":62},"2":{"loc":{"start":{"line":66,"column":23},"end":{"line":66,"column":73}},"type":"cond-expr","locations":[{"start":{"line":66,"column":39},"end":{"line":66,"column":66}},{"start":{"line":66,"column":69},"end":{"line":66,"column":73}}],"line":66},"3":{"loc":{"start":{"line":71,"column":6},"end":{"line":73,"column":7}},"type":"if","locations":[{"start":{"line":71,"column":6},"end":{"line":73,"column":7}},{"start":{},"end":{}}],"line":71},"4":{"loc":{"start":{"line":71,"column":10},"end":{"line":71,"column":88}},"type":"binary-expr","locations":[{"start":{"line":71,"column":10},"end":{"line":71,"column":19}},{"start":{"line":71,"column":23},"end":{"line":71,"column":32}},{"start":{"line":71,"column":36},"end":{"line":71,"column":59}},{"start":{"line":71,"column":63},"end":{"line":71,"column":74}},{"start":{"line":71,"column":78},"end":{"line":71,"column":88}}],"line":71},"5":{"loc":{"start":{"line":104,"column":22},"end":{"line":104,"column":58}},"type":"cond-expr","locations":[{"start":{"line":104,"column":39},"end":{"line":104,"column":53}},{"start":{"line":104,"column":56},"end":{"line":104,"column":58}}],"line":104},"6":{"loc":{"start":{"line":142,"column":24},"end":{"line":142,"column":76}},"type":"cond-expr","locations":[{"start":{"line":142,"column":41},"end":{"line":142,"column":69}},{"start":{"line":142,"column":72},"end":{"line":142,"column":76}}],"line":142},"7":{"loc":{"start":{"line":149,"column":69},"end":{"line":149,"column":161}},"type":"cond-expr","locations":[{"start":{"line":149,"column":100},"end":{"line":149,"column":130}},{"start":{"line":149,"column":133},"end":{"line":149,"column":161}}],"line":149},"8":{"loc":{"start":{"line":152,"column":6},"end":{"line":164,"column":7}},"type":"if","locations":[{"start":{"line":152,"column":6},"end":{"line":164,"column":7}},{"start":{"line":159,"column":13},"end":{"line":164,"column":7}}],"line":152},"9":{"loc":{"start":{"line":152,"column":10},"end":{"line":152,"column":53}},"type":"binary-expr","locations":[{"start":{"line":152,"column":10},"end":{"line":152,"column":18}},{"start":{"line":152,"column":22},"end":{"line":152,"column":53}}],"line":152},"10":{"loc":{"start":{"line":178,"column":6},"end":{"line":180,"column":7}},"type":"if","locations":[{"start":{"line":178,"column":6},"end":{"line":180,"column":7}},{"start":{},"end":{}}],"line":178},"11":{"loc":{"start":{"line":199,"column":6},"end":{"line":199,"column":92}},"type":"if","locations":[{"start":{"line":199,"column":6},"end":{"line":199,"column":92}},{"start":{},"end":{}}],"line":199},"12":{"loc":{"start":{"line":200,"column":22},"end":{"line":200,"column":58}},"type":"cond-expr","locations":[{"start":{"line":200,"column":39},"end":{"line":200,"column":53}},{"start":{"line":200,"column":56},"end":{"line":200,"column":58}}],"line":200},"13":{"loc":{"start":{"line":203,"column":10},"end":{"line":205,"column":11}},"type":"if","locations":[{"start":{"line":203,"column":10},"end":{"line":205,"column":11}},{"start":{},"end":{}}],"line":203}},"s":{"0":1,"1":1,"2":1,"3":1,"4":1,"5":1,"6":2,"7":2,"8":1,"9":1,"10":1,"11":1,"12":0,"13":1,"14":0,"15":0,"16":0,"17":0,"18":0,"19":1,"20":3,"21":3,"22":0,"23":3,"24":3,"25":3,"26":3,"27":3,"28":3,"29":1,"30":2,"31":2,"32":2,"33":2,"34":2,"35":2,"36":2,"37":0,"38":1,"39":2,"40":2,"41":2,"42":2,"43":1,"44":1,"45":1,"46":0,"47":1,"48":2,"49":2,"50":2,"51":2,"52":1,"53":2,"54":2,"55":2,"56":0,"57":1,"58":2,"59":2,"60":2,"61":1,"62":1,"63":1,"64":0,"65":1,"66":1,"67":1,"68":41,"69":40,"70":1,"71":1,"72":1,"73":1},"f":{"0":2,"1":1,"2":0,"3":3,"4":3,"5":2,"6":2,"7":2,"8":41},"b":{"0":[0,0],"1":[0,3],"2":[3,0],"3":[1,2],"4":[3,3,3,2,2],"5":[2,0],"6":[0,2],"7":[0,2],"8":[1,1],"9":[2,2],"10":[1,1],"11":[0,1],"12":[1,0],"13":[40,1]},"_coverageSchema":"1a1c01bbd47fc00a2c39e90264f33305004495a9","hash":"e174616f4074dccb0e2ca9ba884377b4d85ffc65"}
,"/Users/ranbirmahtani/textbook_backend/Backend/Controllers/userController.js": {"path":"/Users/ranbirmahtani/textbook_backend/Backend/Controllers/userController.js","statementMap":{"0":{"start":{"line":1,"column":23},"end":{"line":1,"column":50}},"1":{"start":{"line":2,"column":23},"end":{"line":2,"column":50}},"2":{"start":{"line":3,"column":17},"end":{"line":3,"column":50}},"3":{"start":{"line":4,"column":13},"end":{"line":4,"column":42}},"4":{"start":{"line":7,"column":15},"end":{"line":14,"column":3}},"5":{"start":{"line":8,"column":4},"end":{"line":8,"column":21}},"6":{"start":{"line":9,"column":4},"end":{"line":13,"column":7}},"7":{"start":{"line":16,"column":0},"end":{"line":38,"column":1}},"8":{"start":{"line":17,"column":15},"end":{"line":17,"column":28}},"9":{"start":{"line":18,"column":29},"end":{"line":18,"column":56}},"10":{"start":{"line":19,"column":24},"end":{"line":19,"column":60}},"11":{"start":{"line":20,"column":18},"end":{"line":20,"column":33}},"12":{"start":{"line":21,"column":4},"end":{"line":23,"column":5}},"13":{"start":{"line":22,"column":8},"end":{"line":22,"column":100}},"14":{"start":{"line":24,"column":4},"end":{"line":37,"column":5}},"15":{"start":{"line":25,"column":19},"end":{"line":25,"column":47}},"16":{"start":{"line":26,"column":8},"end":{"line":26,"column":25}},"17":{"start":{"line":27,"column":28},"end":{"line":27,"column":58}},"18":{"start":{"line":28,"column":8},"end":{"line":28,"column":115}},"19":{"start":{"line":29,"column":8},"end":{"line":29,"column":97}},"20":{"start":{"line":30,"column":8},"end":{"line":34,"column":10}},"21":{"start":{"line":36,"column":8},"end":{"line":36,"column":85}},"22":{"start":{"line":41,"column":0},"end":{"line":61,"column":1}},"23":{"start":{"line":42,"column":2},"end":{"line":60,"column":1}},"24":{"start":{"line":43,"column":27},"end":{"line":44,"column":30}},"25":{"start":{"line":45,"column":15},"end":{"line":45,"column":16}},"26":{"start":{"line":46,"column":5},"end":{"line":48,"column":7}},"27":{"start":{"line":47,"column":9},"end":{"line":47,"column":30}},"28":{"start":{"line":49,"column":15},"end":{"line":49,"column":53}},"29":{"start":{"line":50,"column":21},"end":{"line":50,"column":54}},"30":{"start":{"line":51,"column":17},"end":{"line":51,"column":40}},"31":{"start":{"line":52,"column":5},"end":{"line":52,"column":53}},"32":{"start":{"line":53,"column":4},"end":{"line":57,"column":6}},"33":{"start":{"line":59,"column":4},"end":{"line":59,"column":36}},"34":{"start":{"line":64,"column":0},"end":{"line":100,"column":1}},"35":{"start":{"line":65,"column":18},"end":{"line":65,"column":30}},"36":{"start":{"line":67,"column":4},"end":{"line":67,"column":37}},"37":{"start":{"line":68,"column":4},"end":{"line":70,"column":5}},"38":{"start":{"line":69,"column":8},"end":{"line":69,"column":84}},"39":{"start":{"line":71,"column":4},"end":{"line":99,"column":5}},"40":{"start":{"line":72,"column":19},"end":{"line":72,"column":47}},"41":{"start":{"line":73,"column":28},"end":{"line":73,"column":58}},"42":{"start":{"line":74,"column":23},"end":{"line":74,"column":25}},"43":{"start":{"line":75,"column":8},"end":{"line":77,"column":10}},"44":{"start":{"line":76,"column":12},"end":{"line":76,"column":167}},"45":{"start":{"line":78,"column":22},"end":{"line":78,"column":49}},"46":{"start":{"line":79,"column":8},"end":{"line":79,"column":45}},"47":{"start":{"line":80,"column":8},"end":{"line":80,"column":40}},"48":{"start":{"line":81,"column":29},"end":{"line":81,"column":31}},"49":{"start":{"line":82,"column":34},"end":{"line":82,"column":36}},"50":{"start":{"line":83,"column":8},"end":{"line":89,"column":10}},"51":{"start":{"line":84,"column":39},"end":{"line":84,"column":73}},"52":{"start":{"line":84,"column":55},"end":{"line":84,"column":72}},"53":{"start":{"line":85,"column":12},"end":{"line":88,"column":13}},"54":{"start":{"line":86,"column":16},"end":{"line":86,"column":47}},"55":{"start":{"line":87,"column":16},"end":{"line":87,"column":43}},"56":{"start":{"line":91,"column":8},"end":{"line":96,"column":10}},"57":{"start":{"line":98,"column":8},"end":{"line":98,"column":68}},"58":{"start":{"line":104,"column":0},"end":{"line":128,"column":1}},"59":{"start":{"line":105,"column":18},"end":{"line":105,"column":33}},"60":{"start":{"line":106,"column":16},"end":{"line":106,"column":30}},"61":{"start":{"line":107,"column":4},"end":{"line":109,"column":5}},"62":{"start":{"line":108,"column":8},"end":{"line":108,"column":102}},"63":{"start":{"line":110,"column":4},"end":{"line":127,"column":5}},"64":{"start":{"line":111,"column":19},"end":{"line":111,"column":47}},"65":{"start":{"line":112,"column":28},"end":{"line":112,"column":58}},"66":{"start":{"line":113,"column":18},"end":{"line":113,"column":20}},"67":{"start":{"line":114,"column":8},"end":{"line":118,"column":10}},"68":{"start":{"line":115,"column":12},"end":{"line":117,"column":13}},"69":{"start":{"line":116,"column":16},"end":{"line":116,"column":38}},"70":{"start":{"line":119,"column":8},"end":{"line":119,"column":87}},"71":{"start":{"line":120,"column":8},"end":{"line":124,"column":10}},"72":{"start":{"line":126,"column":8},"end":{"line":126,"column":90}},"73":{"start":{"line":131,"column":0},"end":{"line":150,"column":1}},"74":{"start":{"line":132,"column":4},"end":{"line":148,"column":5}},"75":{"start":{"line":133,"column":20},"end":{"line":136,"column":14}},"76":{"start":{"line":137,"column":19},"end":{"line":137,"column":44}},"77":{"start":{"line":138,"column":8},"end":{"line":145,"column":9}},"78":{"start":{"line":139,"column":12},"end":{"line":142,"column":14}},"79":{"start":{"line":144,"column":12},"end":{"line":144,"column":69}},"80":{"start":{"line":147,"column":8},"end":{"line":147,"column":58}},"81":{"start":{"line":152,"column":0},"end":{"line":167,"column":1}},"82":{"start":{"line":153,"column":4},"end":{"line":165,"column":5}},"83":{"start":{"line":154,"column":17},"end":{"line":154,"column":46}},"84":{"start":{"line":155,"column":18},"end":{"line":155,"column":33}},"85":{"start":{"line":156,"column":15},"end":{"line":156,"column":76}},"86":{"start":{"line":157,"column":4},"end":{"line":162,"column":5}},"87":{"start":{"line":158,"column":8},"end":{"line":158,"column":30}},"88":{"start":{"line":159,"column":8},"end":{"line":159,"column":60}},"89":{"start":{"line":161,"column":8},"end":{"line":161,"column":63}},"90":{"start":{"line":164,"column":8},"end":{"line":164,"column":58}},"91":{"start":{"line":169,"column":0},"end":{"line":179,"column":1}},"92":{"start":{"line":170,"column":4},"end":{"line":178,"column":5}},"93":{"start":{"line":171,"column":19},"end":{"line":171,"column":52}},"94":{"start":{"line":172,"column":8},"end":{"line":175,"column":10}},"95":{"start":{"line":177,"column":8},"end":{"line":177,"column":50}}},"fnMap":{"0":{"name":"(anonymous_0)","decl":{"start":{"line":7,"column":15},"end":{"line":7,"column":16}},"loc":{"start":{"line":7,"column":46},"end":{"line":14,"column":3}},"line":7},"1":{"name":"(anonymous_1)","decl":{"start":{"line":16,"column":29},"end":{"line":16,"column":30}},"loc":{"start":{"line":16,"column":55},"end":{"line":38,"column":1}},"line":16},"2":{"name":"(anonymous_2)","decl":{"start":{"line":41,"column":20},"end":{"line":41,"column":21}},"loc":{"start":{"line":41,"column":46},"end":{"line":61,"column":1}},"line":41},"3":{"name":"(anonymous_3)","decl":{"start":{"line":46,"column":39},"end":{"line":46,"column":40}},"loc":{"start":{"line":46,"column":46},"end":{"line":48,"column":6}},"line":46},"4":{"name":"(anonymous_4)","decl":{"start":{"line":64,"column":27},"end":{"line":64,"column":28}},"loc":{"start":{"line":64,"column":53},"end":{"line":100,"column":1}},"line":64},"5":{"name":"(anonymous_5)","decl":{"start":{"line":75,"column":30},"end":{"line":75,"column":31}},"loc":{"start":{"line":75,"column":46},"end":{"line":77,"column":9}},"line":75},"6":{"name":"(anonymous_6)","decl":{"start":{"line":83,"column":24},"end":{"line":83,"column":25}},"loc":{"start":{"line":83,"column":36},"end":{"line":89,"column":9}},"line":83},"7":{"name":"(anonymous_7)","decl":{"start":{"line":84,"column":50},"end":{"line":84,"column":51}},"loc":{"start":{"line":84,"column":55},"end":{"line":84,"column":72}},"line":84},"8":{"name":"(anonymous_8)","decl":{"start":{"line":104,"column":29},"end":{"line":104,"column":30}},"loc":{"start":{"line":104,"column":55},"end":{"line":128,"column":1}},"line":104},"9":{"name":"(anonymous_9)","decl":{"start":{"line":114,"column":30},"end":{"line":114,"column":31}},"loc":{"start":{"line":114,"column":51},"end":{"line":118,"column":9}},"line":114},"10":{"name":"(anonymous_10)","decl":{"start":{"line":131,"column":18},"end":{"line":131,"column":19}},"loc":{"start":{"line":131,"column":44},"end":{"line":150,"column":1}},"line":131},"11":{"name":"(anonymous_11)","decl":{"start":{"line":152,"column":33},"end":{"line":152,"column":34}},"loc":{"start":{"line":152,"column":59},"end":{"line":167,"column":1}},"line":152},"12":{"name":"(anonymous_12)","decl":{"start":{"line":169,"column":22},"end":{"line":169,"column":23}},"loc":{"start":{"line":169,"column":48},"end":{"line":179,"column":1}},"line":169}},"branchMap":{"0":{"loc":{"start":{"line":21,"column":4},"end":{"line":23,"column":5}},"type":"if","locations":[{"start":{"line":21,"column":4},"end":{"line":23,"column":5}},{"start":{},"end":{}}],"line":21},"1":{"loc":{"start":{"line":21,"column":8},"end":{"line":21,"column":48}},"type":"binary-expr","locations":[{"start":{"line":21,"column":8},"end":{"line":21,"column":27}},{"start":{"line":21,"column":31},"end":{"line":21,"column":36}},{"start":{"line":21,"column":40},"end":{"line":21,"column":48}}],"line":21},"2":{"loc":{"start":{"line":68,"column":4},"end":{"line":70,"column":5}},"type":"if","locations":[{"start":{"line":68,"column":4},"end":{"line":70,"column":5}},{"start":{},"end":{}}],"line":68},"3":{"loc":{"start":{"line":85,"column":12},"end":{"line":88,"column":13}},"type":"if","locations":[{"start":{"line":85,"column":12},"end":{"line":88,"column":13}},{"start":{},"end":{}}],"line":85},"4":{"loc":{"start":{"line":107,"column":4},"end":{"line":109,"column":5}},"type":"if","locations":[{"start":{"line":107,"column":4},"end":{"line":109,"column":5}},{"start":{},"end":{}}],"line":107},"5":{"loc":{"start":{"line":107,"column":8},"end":{"line":107,"column":59}},"type":"binary-expr","locations":[{"start":{"line":107,"column":8},"end":{"line":107,"column":16}},{"start":{"line":107,"column":21},"end":{"line":107,"column":40}},{"start":{"line":107,"column":44},"end":{"line":107,"column":58}}],"line":107},"6":{"loc":{"start":{"line":115,"column":12},"end":{"line":117,"column":13}},"type":"if","locations":[{"start":{"line":115,"column":12},"end":{"line":117,"column":13}},{"start":{},"end":{}}],"line":115},"7":{"loc":{"start":{"line":138,"column":8},"end":{"line":145,"column":9}},"type":"if","locations":[{"start":{"line":138,"column":8},"end":{"line":145,"column":9}},{"start":{"line":143,"column":15},"end":{"line":145,"column":9}}],"line":138},"8":{"loc":{"start":{"line":157,"column":4},"end":{"line":162,"column":5}},"type":"if","locations":[{"start":{"line":157,"column":4},"end":{"line":162,"column":5}},{"start":{"line":160,"column":11},"end":{"line":162,"column":5}}],"line":157}},"s":{"0":1,"1":1,"2":1,"3":1,"4":1,"5":6,"6":6,"7":1,"8":2,"9":2,"10":2,"11":2,"12":2,"13":0,"14":2,"15":2,"16":1,"17":1,"18":1,"19":1,"20":1,"21":1,"22":1,"23":1,"24":1,"25":1,"26":1,"27":201,"28":1,"29":1,"30":1,"31":1,"32":1,"33":0,"34":1,"35":3,"36":3,"37":3,"38":1,"39":2,"40":2,"41":1,"42":1,"43":1,"44":0,"45":1,"46":1,"47":1,"48":1,"49":1,"50":1,"51":0,"52":0,"53":0,"54":0,"55":0,"56":1,"57":1,"58":1,"59":3,"60":3,"61":3,"62":1,"63":2,"64":2,"65":1,"66":1,"67":1,"68":0,"69":0,"70":1,"71":1,"72":1,"73":1,"74":1,"75":1,"76":1,"77":1,"78":1,"79":0,"80":0,"81":1,"82":2,"83":2,"84":2,"85":2,"86":2,"87":1,"88":1,"89":1,"90":0,"91":1,"92":0,"93":0,"94":0,"95":0},"f":{"0":6,"1":2,"2":1,"3":201,"4":3,"5":0,"6":0,"7":0,"8":3,"9":0,"10":1,"11":2,"12":0},"b":{"0":[0,2],"1":[2,2,2],"2":[1,2],"3":[0,0],"4":[1,2],"5":[3,2,2],"6":[0,0],"7":[1,0],"8":[1,1]},"_coverageSchema":"1a1c01bbd47fc00a2c39e90264f33305004495a9","hash":"24d243e7b338c9b64472de3becd44372cdd38863"}
,"/Users/ranbirmahtani/textbook_backend/Backend/Model/conversationModel.js": {"path":"/Users/ranbirmahtani/textbook_backend/Backend/Model/conversationModel.js","statementMap":{"0":{"start":{"line":1,"column":17},"end":{"line":1,"column":36}},"1":{"start":{"line":3,"column":27},"end":{"line":44,"column":2}},"2":{"start":{"line":46,"column":21},"end":{"line":46,"column":71}},"3":{"start":{"line":48,"column":0},"end":{"line":48,"column":30}}},"fnMap":{},"branchMap":{},"s":{"0":1,"1":1,"2":1,"3":1},"f":{},"b":{},"_coverageSchema":"1a1c01bbd47fc00a2c39e90264f33305004495a9","hash":"5295127dd450d3f207c0cf688e13418b6028ae2b"}
,"/Users/ranbirmahtani/textbook_backend/Backend/Model/textbookModel.js": {"path":"/Users/ranbirmahtani/textbook_backend/Backend/Model/textbookModel.js","statementMap":{"0":{"start":{"line":1,"column":17},"end":{"line":1,"column":36}},"1":{"start":{"line":2,"column":18},"end":{"line":2,"column":38}},"2":{"start":{"line":5,"column":24},"end":{"line":18,"column":4}},"3":{"start":{"line":20,"column":23},"end":{"line":84,"column":1}},"4":{"start":{"line":99,"column":17},"end":{"line":99,"column":59}},"5":{"start":{"line":101,"column":0},"end":{"line":101,"column":26}}},"fnMap":{},"branchMap":{},"s":{"0":1,"1":1,"2":1,"3":1,"4":1,"5":1},"f":{},"b":{},"_coverageSchema":"1a1c01bbd47fc00a2c39e90264f33305004495a9","hash":"be9a744b5c3acc62fdad889001806797c993e159"}
,"/Users/ranbirmahtani/textbook_backend/Backend/Model/userModel.js": {"path":"/Users/ranbirmahtani/textbook_backend/Backend/Model/userModel.js","statementMap":{"0":{"start":{"line":1,"column":17},"end":{"line":1,"column":36}},"1":{"start":{"line":2,"column":18},"end":{"line":2,"column":38}},"2":{"start":{"line":3,"column":15},"end":{"line":3,"column":34}},"3":{"start":{"line":4,"column":15},"end":{"line":4,"column":32}},"4":{"start":{"line":6,"column":23},"end":{"line":12,"column":1}},"5":{"start":{"line":7,"column":13},"end":{"line":7,"column":17}},"6":{"start":{"line":8,"column":2},"end":{"line":10,"column":5}},"7":{"start":{"line":9,"column":4},"end":{"line":9,"column":54}},"8":{"start":{"line":11,"column":2},"end":{"line":11,"column":14}},"9":{"start":{"line":15,"column":22},"end":{"line":25,"column":2}},"10":{"start":{"line":28,"column":19},"end":{"line":89,"column":1}},"11":{"start":{"line":56,"column":12},"end":{"line":56,"column":41}},"12":{"start":{"line":99,"column":0},"end":{"line":102,"column":3}},"13":{"start":{"line":101,"column":2},"end":{"line":101,"column":16}},"14":{"start":{"line":104,"column":0},"end":{"line":110,"column":3}},"15":{"start":{"line":105,"column":2},"end":{"line":105,"column":50}},"16":{"start":{"line":105,"column":36},"end":{"line":105,"column":50}},"17":{"start":{"line":106,"column":2},"end":{"line":106,"column":51}},"18":{"start":{"line":107,"column":2},"end":{"line":107,"column":55}},"19":{"start":{"line":108,"column":2},"end":{"line":108,"column":35}},"20":{"start":{"line":109,"column":2},"end":{"line":109,"column":16}},"21":{"start":{"line":113,"column":0},"end":{"line":117,"column":3}},"22":{"start":{"line":114,"column":2},"end":{"line":114,"column":64}},"23":{"start":{"line":114,"column":50},"end":{"line":114,"column":64}},"24":{"start":{"line":115,"column":2},"end":{"line":115,"column":45}},"25":{"start":{"line":116,"column":2},"end":{"line":116,"column":16}},"26":{"start":{"line":125,"column":0},"end":{"line":130,"column":2}},"27":{"start":{"line":129,"column":2},"end":{"line":129,"column":63}},"28":{"start":{"line":134,"column":0},"end":{"line":148,"column":2}},"29":{"start":{"line":139,"column":2},"end":{"line":146,"column":3}},"30":{"start":{"line":140,"column":29},"end":{"line":143,"column":5}},"31":{"start":{"line":145,"column":4},"end":{"line":145,"column":43}},"32":{"start":{"line":147,"column":2},"end":{"line":147,"column":15}},"33":{"start":{"line":150,"column":0},"end":{"line":162,"column":2}},"34":{"start":{"line":151,"column":21},"end":{"line":151,"column":59}},"35":{"start":{"line":152,"column":2},"end":{"line":155,"column":19}},"36":{"start":{"line":156,"column":2},"end":{"line":156,"column":58}},"37":{"start":{"line":161,"column":2},"end":{"line":161,"column":20}},"38":{"start":{"line":164,"column":13},"end":{"line":164,"column":47}},"39":{"start":{"line":166,"column":0},"end":{"line":166,"column":22}}},"fnMap":{"0":{"name":"(anonymous_0)","decl":{"start":{"line":6,"column":23},"end":{"line":6,"column":24}},"loc":{"start":{"line":6,"column":38},"end":{"line":12,"column":1}},"line":6},"1":{"name":"(anonymous_1)","decl":{"start":{"line":8,"column":20},"end":{"line":8,"column":21}},"loc":{"start":{"line":8,"column":33},"end":{"line":10,"column":3}},"line":8},"2":{"name":"(anonymous_2)","decl":{"start":{"line":55,"column":21},"end":{"line":55,"column":22}},"loc":{"start":{"line":55,"column":36},"end":{"line":57,"column":11}},"line":55},"3":{"name":"(anonymous_3)","decl":{"start":{"line":99,"column":24},"end":{"line":99,"column":25}},"loc":{"start":{"line":99,"column":40},"end":{"line":102,"column":1}},"line":99},"4":{"name":"(anonymous_4)","decl":{"start":{"line":104,"column":23},"end":{"line":104,"column":24}},"loc":{"start":{"line":104,"column":45},"end":{"line":110,"column":1}},"line":104},"5":{"name":"(anonymous_5)","decl":{"start":{"line":113,"column":23},"end":{"line":113,"column":24}},"loc":{"start":{"line":113,"column":39},"end":{"line":117,"column":1}},"line":113},"6":{"name":"(anonymous_6)","decl":{"start":{"line":125,"column":37},"end":{"line":125,"column":38}},"loc":{"start":{"line":128,"column":2},"end":{"line":130,"column":1}},"line":128},"7":{"name":"(anonymous_7)","decl":{"start":{"line":134,"column":42},"end":{"line":134,"column":43}},"loc":{"start":{"line":134,"column":66},"end":{"line":148,"column":1}},"line":134},"8":{"name":"(anonymous_8)","decl":{"start":{"line":150,"column":46},"end":{"line":150,"column":47}},"loc":{"start":{"line":150,"column":58},"end":{"line":162,"column":1}},"line":150}},"branchMap":{"0":{"loc":{"start":{"line":9,"column":11},"end":{"line":9,"column":53}},"type":"binary-expr","locations":[{"start":{"line":9,"column":11},"end":{"line":9,"column":15}},{"start":{"line":9,"column":20},"end":{"line":9,"column":35}},{"start":{"line":9,"column":39},"end":{"line":9,"column":52}}],"line":9},"1":{"loc":{"start":{"line":105,"column":2},"end":{"line":105,"column":50}},"type":"if","locations":[{"start":{"line":105,"column":2},"end":{"line":105,"column":50}},{"start":{},"end":{}}],"line":105},"2":{"loc":{"start":{"line":114,"column":2},"end":{"line":114,"column":64}},"type":"if","locations":[{"start":{"line":114,"column":2},"end":{"line":114,"column":64}},{"start":{},"end":{}}],"line":114},"3":{"loc":{"start":{"line":114,"column":6},"end":{"line":114,"column":48}},"type":"binary-expr","locations":[{"start":{"line":114,"column":6},"end":{"line":114,"column":34}},{"start":{"line":114,"column":38},"end":{"line":114,"column":48}}],"line":114},"4":{"loc":{"start":{"line":139,"column":2},"end":{"line":146,"column":3}},"type":"if","locations":[{"start":{"line":139,"column":2},"end":{"line":146,"column":3}},{"start":{},"end":{}}],"line":139}},"s":{"0":1,"1":1,"2":1,"3":1,"4":1,"5":0,"6":0,"7":0,"8":0,"9":1,"10":1,"11":3,"12":1,"13":31,"14":1,"15":3,"16":0,"17":3,"18":3,"19":3,"20":3,"21":1,"22":3,"23":1,"24":2,"25":2,"26":1,"27":4,"28":1,"29":0,"30":0,"31":0,"32":0,"33":1,"34":0,"35":0,"36":0,"37":0,"38":1,"39":1},"f":{"0":0,"1":0,"2":3,"3":31,"4":3,"5":3,"6":4,"7":0,"8":0},"b":{"0":[0,0,0],"1":[0,3],"2":[1,2],"3":[3,3],"4":[0,0]},"_coverageSchema":"1a1c01bbd47fc00a2c39e90264f33305004495a9","hash":"db497e44fbd86d951fc77ea0f2e4862e37d1aa0c"}
,"/Users/ranbirmahtani/textbook_backend/Backend/Routes/conversationRoutes.js": {"path":"/Users/ranbirmahtani/textbook_backend/Backend/Routes/conversationRoutes.js","statementMap":{"0":{"start":{"line":1,"column":16},"end":{"line":1,"column":34}},"1":{"start":{"line":2,"column":31},"end":{"line":2,"column":79}},"2":{"start":{"line":4,"column":15},"end":{"line":4,"column":31}},"3":{"start":{"line":6,"column":0},"end":{"line":8,"column":49}},"4":{"start":{"line":9,"column":0},"end":{"line":12,"column":50}},"5":{"start":{"line":14,"column":0},"end":{"line":14,"column":24}}},"fnMap":{},"branchMap":{},"s":{"0":1,"1":1,"2":1,"3":1,"4":1,"5":1},"f":{},"b":{},"_coverageSchema":"1a1c01bbd47fc00a2c39e90264f33305004495a9","hash":"cb25b07f4b1da1b95519e3bdb338d0666f49c9ad"}
,"/Users/ranbirmahtani/textbook_backend/Backend/Routes/textbookRoutes.js": {"path":"/Users/ranbirmahtani/textbook_backend/Backend/Routes/textbookRoutes.js","statementMap":{"0":{"start":{"line":1,"column":16},"end":{"line":1,"column":34}},"1":{"start":{"line":2,"column":27},"end":{"line":2,"column":71}},"2":{"start":{"line":3,"column":23},"end":{"line":3,"column":63}},"3":{"start":{"line":6,"column":15},"end":{"line":6,"column":31}},"4":{"start":{"line":14,"column":0},"end":{"line":19,"column":46}},"5":{"start":{"line":21,"column":0},"end":{"line":21,"column":78}},"6":{"start":{"line":23,"column":0},"end":{"line":23,"column":65}},"7":{"start":{"line":26,"column":0},"end":{"line":26,"column":24}}},"fnMap":{},"branchMap":{},"s":{"0":1,"1":1,"2":1,"3":1,"4":1,"5":1,"6":1,"7":1},"f":{},"b":{},"_coverageSchema":"1a1c01bbd47fc00a2c39e90264f33305004495a9","hash":"1bb6150da67fd3286c573dc3704f7dc85fa6d583"}
,"/Users/ranbirmahtani/textbook_backend/Backend/Routes/userRoutes.js": {"path":"/Users/ranbirmahtani/textbook_backend/Backend/Routes/userRoutes.js","statementMap":{"0":{"start":{"line":2,"column":16},"end":{"line":2,"column":34}},"1":{"start":{"line":3,"column":23},"end":{"line":3,"column":63}},"2":{"start":{"line":4,"column":23},"end":{"line":4,"column":63}},"3":{"start":{"line":5,"column":15},"end":{"line":5,"column":31}},"4":{"start":{"line":8,"column":0},"end":{"line":8,"column":52}},"5":{"start":{"line":9,"column":0},"end":{"line":9,"column":50}},"6":{"start":{"line":10,"column":0},"end":{"line":10,"column":69}},"7":{"start":{"line":12,"column":0},"end":{"line":15,"column":47}},"8":{"start":{"line":17,"column":0},"end":{"line":17,"column":67}},"9":{"start":{"line":18,"column":0},"end":{"line":18,"column":54}},"10":{"start":{"line":19,"column":0},"end":{"line":19,"column":52}},"11":{"start":{"line":20,"column":0},"end":{"line":20,"column":77}},"12":{"start":{"line":22,"column":0},"end":{"line":22,"column":60}},"13":{"start":{"line":23,"column":0},"end":{"line":23,"column":51}},"14":{"start":{"line":26,"column":0},"end":{"line":26,"column":24}}},"fnMap":{},"branchMap":{},"s":{"0":1,"1":1,"2":1,"3":1,"4":1,"5":1,"6":1,"7":1,"8":1,"9":1,"10":1,"11":1,"12":1,"13":1,"14":1},"f":{},"b":{},"_coverageSchema":"1a1c01bbd47fc00a2c39e90264f33305004495a9","hash":"d047e8b861cd88c14d8a5b9f282adb9430d4ec4f"}
,"/Users/ranbirmahtani/textbook_backend/Backend/utils/Daily.js": {"path":"/Users/ranbirmahtani/textbook_backend/Backend/utils/Daily.js","statementMap":{"0":{"start":{"line":1,"column":16},"end":{"line":1,"column":39}},"1":{"start":{"line":2,"column":15},"end":{"line":2,"column":41}},"2":{"start":{"line":3,"column":13},"end":{"line":3,"column":42}},"3":{"start":{"line":6,"column":0},"end":{"line":15,"column":1}},"4":{"start":{"line":7,"column":16},"end":{"line":13,"column":5}},"5":{"start":{"line":8,"column":7},"end":{"line":8,"column":45}},"6":{"start":{"line":14,"column":4},"end":{"line":14,"column":15}}},"fnMap":{"0":{"name":"(anonymous_0)","decl":{"start":{"line":6,"column":22},"end":{"line":6,"column":23}},"loc":{"start":{"line":6,"column":34},"end":{"line":15,"column":1}},"line":6},"1":{"name":"(anonymous_1)","decl":{"start":{"line":7,"column":46},"end":{"line":7,"column":47}},"loc":{"start":{"line":7,"column":63},"end":{"line":9,"column":5}},"line":7}},"branchMap":{},"s":{"0":1,"1":1,"2":1,"3":1,"4":1,"5":0,"6":1},"f":{"0":1,"1":0},"b":{},"_coverageSchema":"1a1c01bbd47fc00a2c39e90264f33305004495a9","hash":"8a903a252549be1f37f554c389f9a28974527831"}
}
