TN:
SF:app.js
FN:41,(anonymous_0)
FN:160,(anonymous_1)
FNF:2
FNH:1
FNDA:39,(anonymous_0)
FNDA:0,(anonymous_1)
DA:2,1
DA:3,1
DA:6,1
DA:7,1
DA:8,1
DA:9,1
DA:10,1
DA:12,1
DA:13,1
DA:14,1
DA:15,1
DA:16,1
DA:19,1
DA:21,1
DA:23,1
DA:33,1
DA:40,1
DA:42,39
DA:43,39
DA:47,1
DA:71,1
DA:107,1
DA:112,1
DA:120,1
DA:121,0
DA:124,1
DA:126,1
DA:128,1
DA:144,1
DA:145,1
DA:146,1
DA:160,1
DA:161,0
DA:168,1
LF:34
LH:32
BRDA:120,0,0,0
BRDA:120,0,1,1
BRF:2
BRH:1
end_of_record
TN:
SF:server.js
FN:21,(anonymous_0)
FN:35,(anonymous_1)
FN:37,(anonymous_2)
FN:41,(anonymous_3)
FN:42,(anonymous_4)
FN:45,(anonymous_5)
FN:46,(anonymous_6)
FN:49,(anonymous_7)
FN:53,(anonymous_8)
FN:57,(anonymous_9)
FN:64,(anonymous_10)
FN:79,(anonymous_11)
FN:88,(anonymous_12)
FN:90,(anonymous_13)
FN:96,(anonymous_14)
FNF:15
FNH:2
FNDA:0,(anonymous_0)
FNDA:0,(anonymous_1)
FNDA:0,(anonymous_2)
FNDA:0,(anonymous_3)
FNDA:0,(anonymous_4)
FNDA:0,(anonymous_5)
FNDA:0,(anonymous_6)
FNDA:0,(anonymous_7)
FNDA:0,(anonymous_8)
FNDA:0,(anonymous_9)
FNDA:0,(anonymous_10)
FNDA:0,(anonymous_11)
FNDA:1,(anonymous_12)
FNDA:0,(anonymous_13)
FNDA:1,(anonymous_14)
DA:1,1
DA:2,1
DA:3,1
DA:4,1
DA:7,1
DA:9,1
DA:11,1
DA:13,1
DA:20,1
DA:22,0
DA:23,0
DA:28,1
DA:29,1
DA:33,1
DA:35,1
DA:36,0
DA:37,0
DA:41,1
DA:42,0
DA:45,1
DA:46,0
DA:49,1
DA:51,0
DA:53,0
DA:54,0
DA:57,0
DA:58,0
DA:59,0
DA:64,0
DA:65,0
DA:66,0
DA:67,0
DA:68,0
DA:74,0
DA:79,0
DA:80,0
DA:81,0
DA:82,0
DA:86,1
DA:89,1
DA:95,1
DA:96,1
DA:97,1
DA:100,1
LF:44
LH:22
BRDA:37,0,0,0
BRDA:37,0,1,0
BRDA:67,1,0,0
BRDA:67,1,1,0
BRDA:95,2,0,1
BRDA:95,2,1,0
BRF:6
BRH:1
end_of_record
TN:
SF:Controllers/authController.js
FN:12,(anonymous_0)
FN:20,(anonymous_1)
FN:51,(anonymous_2)
FN:56,(anonymous_3)
FN:93,(anonymous_4)
FN:127,(anonymous_5)
FN:173,(anonymous_6)
FN:209,(anonymous_7)
FNF:8
FNH:6
FNDA:6,(anonymous_0)
FNDA:0,(anonymous_1)
FNDA:0,(anonymous_2)
FNDA:2,(anonymous_3)
FNDA:3,(anonymous_4)
FNDA:2,(anonymous_5)
FNDA:3,(anonymous_6)
FNDA:3,(anonymous_7)
DA:1,1
DA:3,1
DA:4,1
DA:12,1
DA:13,6
DA:20,1
DA:22,0
DA:23,0
DA:51,1
DA:52,0
DA:56,1
DA:57,2
DA:58,2
DA:59,2
DA:60,0
DA:62,2
DA:63,1
DA:66,1
DA:75,1
DA:76,1
DA:77,1
DA:84,0
DA:85,0
DA:93,1
DA:94,3
DA:95,3
DA:97,3
DA:98,1
DA:103,2
DA:106,2
DA:107,1
DA:111,1
DA:112,1
DA:113,1
DA:120,0
DA:127,1
DA:128,2
DA:129,2
DA:130,2
DA:131,1
DA:132,1
DA:133,1
DA:138,1
DA:173,1
DA:175,3
DA:176,3
DA:177,3
DA:179,3
DA:180,3
DA:182,1
DA:186,2
DA:187,2
DA:189,2
DA:192,2
DA:193,2
DA:194,2
DA:201,0
DA:209,1
DA:210,3
DA:211,3
DA:212,3
DA:213,3
DA:214,3
DA:215,1
DA:220,1
DA:226,1
LF:66
LH:58
BRDA:59,0,0,0
BRDA:59,0,1,2
BRDA:62,1,0,1
BRDA:62,1,1,1
BRDA:62,2,0,2
BRDA:62,2,1,1
BRDA:62,2,2,1
BRDA:62,2,3,1
BRDA:62,2,4,1
BRDA:97,3,0,1
BRDA:97,3,1,2
BRDA:97,4,0,3
BRDA:97,4,1,3
BRDA:106,5,0,1
BRDA:106,5,1,1
BRDA:106,6,0,2
BRDA:106,6,1,2
BRDA:177,7,0,0
BRDA:177,7,1,3
BRDA:180,8,0,1
BRDA:180,8,1,2
BRDA:180,9,0,3
BRDA:180,9,1,2
BRDA:214,10,0,1
BRDA:214,10,1,1
BRF:25
BRH:23
end_of_record
TN:
SF:Controllers/conversationController.js
FN:8,(anonymous_0)
FN:17,(anonymous_1)
FN:39,(anonymous_2)
FN:46,(anonymous_3)
FN:56,(anonymous_4)
FN:61,(anonymous_5)
FN:78,(anonymous_6)
FNF:7
FNH:7
FNDA:2,(anonymous_0)
FNDA:3,(anonymous_1)
FNDA:1,(anonymous_2)
FNDA:2,(anonymous_3)
FNDA:4,(anonymous_4)
FNDA:4,(anonymous_5)
FNDA:1,(anonymous_6)
DA:3,1
DA:4,1
DA:5,1
DA:6,1
DA:8,1
DA:9,2
DA:10,2
DA:17,1
DA:18,3
DA:19,3
DA:20,3
DA:21,3
DA:22,1
DA:23,1
DA:28,0
DA:34,2
DA:39,1
DA:40,1
DA:41,1
DA:42,1
DA:44,1
DA:45,1
DA:46,1
DA:47,2
DA:48,2
DA:49,2
DA:50,2
DA:53,2
DA:54,2
DA:56,2
DA:57,4
DA:58,2
DA:61,2
DA:62,4
DA:63,4
DA:64,4
DA:67,2
DA:69,1
DA:74,0
DA:78,1
DA:79,1
DA:80,1
DA:81,1
DA:82,1
DA:83,1
DA:84,1
DA:86,1
DA:87,1
DA:88,1
DA:89,1
DA:90,1
DA:92,0
DA:94,1
DA:99,0
LF:54
LH:50
BRDA:22,0,0,1
BRDA:22,0,1,0
BRDA:48,1,0,2
BRDA:48,1,1,0
BRDA:49,2,0,2
BRDA:49,2,1,0
BRDA:49,3,0,2
BRDA:49,3,1,2
BRDA:57,4,0,2
BRDA:57,4,1,2
BRDA:63,5,0,4
BRDA:63,5,1,0
BRDA:87,6,0,1
BRDA:87,6,1,0
BRF:14
BRH:9
end_of_record
TN:
SF:Controllers/textbookController.js
FN:8,(anonymous_0)
FN:17,(anonymous_1)
FN:42,(anonymous_2)
FN:60,(anonymous_3)
FN:67,(anonymous_4)
FN:139,(anonymous_5)
FN:173,(anonymous_6)
FN:192,(anonymous_7)
FN:202,(anonymous_8)
FNF:9
FNH:8
FNDA:2,(anonymous_0)
FNDA:1,(anonymous_1)
FNDA:0,(anonymous_2)
FNDA:3,(anonymous_3)
FNDA:3,(anonymous_4)
FNDA:2,(anonymous_5)
FNDA:2,(anonymous_6)
FNDA:2,(anonymous_7)
FNDA:41,(anonymous_8)
DA:1,1
DA:2,1
DA:3,1
DA:4,1
DA:5,1
DA:8,1
DA:9,2
DA:10,2
DA:17,1
DA:18,1
DA:19,1
DA:33,1
DA:38,0
DA:42,1
DA:43,0
DA:44,0
DA:48,0
DA:49,0
DA:54,0
DA:60,1
DA:61,3
DA:62,3
DA:64,3
DA:66,3
DA:67,3
DA:68,3
DA:70,3
DA:71,3
DA:72,1
DA:76,2
DA:77,2
DA:78,2
DA:104,2
DA:112,2
DA:113,2
DA:115,2
DA:121,0
DA:139,1
DA:140,2
DA:142,2
DA:145,2
DA:152,2
DA:153,1
DA:154,1
DA:160,1
DA:168,0
DA:173,1
DA:174,2
DA:177,2
DA:178,2
DA:179,1
DA:181,2
DA:182,2
DA:183,2
DA:188,0
DA:192,1
DA:193,2
DA:194,2
DA:195,2
DA:196,1
DA:198,1
DA:199,1
DA:200,1
DA:201,1
DA:202,1
DA:203,41
DA:204,40
DA:207,1
DA:208,1
DA:217,1
DA:222,1
LF:71
LH:62
BRDA:47,0,0,0
BRDA:47,0,1,0
BRDA:62,1,0,0
BRDA:62,1,1,3
BRDA:66,2,0,3
BRDA:66,2,1,0
BRDA:71,3,0,1
BRDA:71,3,1,2
BRDA:71,4,0,3
BRDA:71,4,1,3
BRDA:71,4,2,3
BRDA:71,4,3,2
BRDA:71,4,4,2
BRDA:104,5,0,2
BRDA:104,5,1,0
BRDA:142,6,0,0
BRDA:142,6,1,2
BRDA:149,7,0,0
BRDA:149,7,1,2
BRDA:152,8,0,1
BRDA:152,8,1,1
BRDA:152,9,0,2
BRDA:152,9,1,2
BRDA:178,10,0,1
BRDA:178,10,1,1
BRDA:199,11,0,0
BRDA:199,11,1,1
BRDA:200,12,0,1
BRDA:200,12,1,0
BRDA:203,13,0,40
BRDA:203,13,1,1
BRF:31
BRH:22
end_of_record
TN:
SF:Controllers/userController.js
FN:7,(anonymous_0)
FN:16,(anonymous_1)
FN:41,(anonymous_2)
FN:46,(anonymous_3)
FN:64,(anonymous_4)
FN:75,(anonymous_5)
FN:83,(anonymous_6)
FN:84,(anonymous_7)
FN:104,(anonymous_8)
FN:114,(anonymous_9)
FN:131,(anonymous_10)
FN:152,(anonymous_11)
FN:169,(anonymous_12)
FNF:13
FNH:8
FNDA:6,(anonymous_0)
FNDA:2,(anonymous_1)
FNDA:1,(anonymous_2)
FNDA:201,(anonymous_3)
FNDA:3,(anonymous_4)
FNDA:0,(anonymous_5)
FNDA:0,(anonymous_6)
FNDA:0,(anonymous_7)
FNDA:3,(anonymous_8)
FNDA:0,(anonymous_9)
FNDA:1,(anonymous_10)
FNDA:2,(anonymous_11)
FNDA:0,(anonymous_12)
DA:1,1
DA:2,1
DA:3,1
DA:4,1
DA:7,1
DA:8,6
DA:9,6
DA:16,1
DA:17,2
DA:18,2
DA:19,2
DA:20,2
DA:21,2
DA:22,0
DA:24,2
DA:25,2
DA:26,1
DA:27,1
DA:28,1
DA:29,1
DA:30,1
DA:36,1
DA:41,1
DA:42,1
DA:43,1
DA:45,1
DA:46,1
DA:47,201
DA:49,1
DA:50,1
DA:51,1
DA:52,1
DA:53,1
DA:59,0
DA:64,1
DA:65,3
DA:67,3
DA:68,3
DA:69,1
DA:71,2
DA:72,2
DA:73,1
DA:74,1
DA:75,1
DA:76,0
DA:78,1
DA:79,1
DA:80,1
DA:81,1
DA:82,1
DA:83,1
DA:84,0
DA:85,0
DA:86,0
DA:87,0
DA:91,1
DA:98,1
DA:104,1
DA:105,3
DA:106,3
DA:107,3
DA:108,1
DA:110,2
DA:111,2
DA:112,1
DA:113,1
DA:114,1
DA:115,0
DA:116,0
DA:119,1
DA:120,1
DA:126,1
DA:131,1
DA:132,1
DA:133,1
DA:137,1
DA:138,1
DA:139,1
DA:144,0
DA:147,0
DA:152,1
DA:153,2
DA:154,2
DA:155,2
DA:156,2
DA:157,2
DA:158,1
DA:159,1
DA:161,1
DA:164,0
DA:169,1
DA:170,0
DA:171,0
DA:172,0
DA:177,0
LF:95
LH:79
BRDA:21,0,0,0
BRDA:21,0,1,2
BRDA:21,1,0,2
BRDA:21,1,1,2
BRDA:21,1,2,2
BRDA:68,2,0,1
BRDA:68,2,1,2
BRDA:85,3,0,0
BRDA:85,3,1,0
BRDA:107,4,0,1
BRDA:107,4,1,2
BRDA:107,5,0,3
BRDA:107,5,1,2
BRDA:107,5,2,2
BRDA:115,6,0,0
BRDA:115,6,1,0
BRDA:138,7,0,1
BRDA:138,7,1,0
BRDA:157,8,0,1
BRDA:157,8,1,1
BRF:20
BRH:14
end_of_record
TN:
SF:Model/conversationModel.js
FNF:0
FNH:0
DA:1,1
DA:3,1
DA:46,1
DA:48,1
LF:4
LH:4
BRF:0
BRH:0
end_of_record
TN:
SF:Model/textbookModel.js
FNF:0
FNH:0
DA:1,1
DA:2,1
DA:5,1
DA:20,1
DA:99,1
DA:101,1
LF:6
LH:6
BRF:0
BRH:0
end_of_record
TN:
SF:Model/userModel.js
FN:6,(anonymous_0)
FN:8,(anonymous_1)
FN:55,(anonymous_2)
FN:99,(anonymous_3)
FN:104,(anonymous_4)
FN:113,(anonymous_5)
FN:125,(anonymous_6)
FN:134,(anonymous_7)
FN:150,(anonymous_8)
FNF:9
FNH:5
FNDA:0,(anonymous_0)
FNDA:0,(anonymous_1)
FNDA:3,(anonymous_2)
FNDA:31,(anonymous_3)
FNDA:3,(anonymous_4)
FNDA:3,(anonymous_5)
FNDA:4,(anonymous_6)
FNDA:0,(anonymous_7)
FNDA:0,(anonymous_8)
DA:1,1
DA:2,1
DA:3,1
DA:4,1
DA:6,1
DA:7,0
DA:8,0
DA:9,0
DA:11,0
DA:15,1
DA:28,1
DA:56,3
DA:99,1
DA:101,31
DA:104,1
DA:105,3
DA:106,3
DA:107,3
DA:108,3
DA:109,3
DA:113,1
DA:114,3
DA:115,2
DA:116,2
DA:125,1
DA:129,4
DA:134,1
DA:139,0
DA:140,0
DA:145,0
DA:147,0
DA:150,1
DA:151,0
DA:152,0
DA:156,0
DA:161,0
DA:164,1
DA:166,1
LF:38
LH:26
BRDA:9,0,0,0
BRDA:9,0,1,0
BRDA:9,0,2,0
BRDA:105,1,0,0
BRDA:105,1,1,3
BRDA:114,2,0,1
BRDA:114,2,1,2
BRDA:114,3,0,3
BRDA:114,3,1,3
BRDA:139,4,0,0
BRDA:139,4,1,0
BRF:11
BRH:5
end_of_record
TN:
SF:Routes/conversationRoutes.js
FNF:0
FNH:0
DA:1,1
DA:2,1
DA:4,1
DA:6,1
DA:9,1
DA:14,1
LF:6
LH:6
BRF:0
BRH:0
end_of_record
TN:
SF:Routes/textbookRoutes.js
FNF:0
FNH:0
DA:1,1
DA:2,1
DA:3,1
DA:6,1
DA:14,1
DA:21,1
DA:23,1
DA:26,1
LF:8
LH:8
BRF:0
BRH:0
end_of_record
TN:
SF:Routes/userRoutes.js
FNF:0
FNH:0
DA:2,1
DA:3,1
DA:4,1
DA:5,1
DA:8,1
DA:9,1
DA:10,1
DA:12,1
DA:17,1
DA:18,1
DA:19,1
DA:20,1
DA:22,1
DA:23,1
DA:26,1
LF:15
LH:15
BRF:0
BRH:0
end_of_record
TN:
SF:utils/Daily.js
FN:6,(anonymous_0)
FN:7,(anonymous_1)
FNF:2
FNH:1
FNDA:1,(anonymous_0)
FNDA:0,(anonymous_1)
DA:1,1
DA:2,1
DA:3,1
DA:6,1
DA:7,1
DA:8,0
DA:14,1
LF:7
LH:6
BRF:0
BRH:0
end_of_record
